[debug] ----------------------------------------------------------------------
[debug] Command:      /usr/local/Cellar/node/6.2.2/bin/node /usr/local/bin/firebase serve
[debug] CLI Version:  3.0.6
[debug] Platform:     darwin
[debug] Node Version: v6.2.2
[debug] Time:         Tue Aug 23 2016 11:11:44 GMT-0400 (EDT)
[debug] ----------------------------------------------------------------------
[debug] 
[info] Starting Firebase development server...
[info] 
[info] Project Directory: /Users/BeeKay/grace-hopper/senior-phase/lack
[info] Public Directory: ./
[info] 
[info] Server listening at: http://localhost:5000
[debug] ----------------------------------------------------------------------
[debug] Command:      /usr/local/Cellar/node/6.2.2/bin/node /usr/local/bin/firebase serve
[debug] CLI Version:  3.0.6
[debug] Platform:     darwin
[debug] Node Version: v6.2.2
[debug] Time:         Tue Aug 23 2016 17:09:52 GMT-0400 (EDT)
[debug] ----------------------------------------------------------------------
[debug] 
[info] Starting Firebase development server...
[info] 
[info] Project Directory: /Users/BeeKay/grace-hopper/senior-phase/lack
[info] Public Directory: ./
[info] 
[info] Server listening at: http://localhost:5000
[debug] ----------------------------------------------------------------------
[debug] Command:      /Users/elisabethgross/.nvm/versions/node/v6.3.1/bin/node /Users/elisabethgross/.nvm/versions/node/v6.3.1/bin/firebase serve
[debug] CLI Version:  3.0.7
[debug] Platform:     darwin
[debug] Node Version: v6.3.1
[debug] Time:         Wed Aug 24 2016 11:55:11 GMT-0400 (EDT)
[debug] ----------------------------------------------------------------------
[debug] 
[info] Starting Firebase development server...
[info] 
[info] Project Directory: /Users/elisabethgross/Desktop/projects/lack
[info] Public Directory: ./
[info] 
[info] Server listening at: http://localhost:5000
